# JRE version: OpenJDK Runtime Environment (11.0.11+9) (build 11.0.11+9-Ubuntu-0ubuntu2.20.04)
# Java VM: OpenJDK 64-Bit Server VM (11.0.11+9-Ubuntu-0ubuntu2.20.04, mixed mode, sharing, tiered, compressed oops, g1 gc, linux-amd64)
Heap:
 garbage-first heap   total 159744K, used 18072K [0x0000000087800000, 0x0000000100000000)
  region size 1024K, 12 young (12288K), 6 survivors (6144K)
 Metaspace       used 20574K, capacity 21474K, committed 21760K, reserved 1069056K
  class space    used 2635K, capacity 3007K, committed 3072K, reserved 1048576K
GC Heap History (12 events):
Event: 0,648 GC heap before
{Heap before GC invocations=0 (full 0):
 garbage-first heap   total 126976K, used 15048K [0x0000000087800000, 0x0000000100000000)
  region size 1024K, 14 young (14336K), 0 survivors (0K)
 Metaspace       used 2593K, capacity 5334K, committed 5504K, reserved 1056768K
  class space    used 281K, capacity 564K, committed 640K, reserved 1048576K
}
Event: 0,663 GC heap after
{Heap after GC invocations=1 (full 0):
 garbage-first heap   total 126976K, used 7006K [0x0000000087800000, 0x0000000100000000)
  region size 1024K, 2 young (2048K), 2 survivors (2048K)
 Metaspace       used 2593K, capacity 5334K, committed 5504K, reserved 1056768K
  class space    used 281K, capacity 564K, committed 640K, reserved 1048576K
}
Event: 0,982 GC heap before
{Heap before GC invocations=1 (full 0):
 garbage-first heap   total 126976K, used 15198K [0x0000000087800000, 0x0000000100000000)
  region size 1024K, 10 young (10240K), 2 survivors (2048K)
 Metaspace       used 3794K, capacity 6391K, committed 6656K, reserved 1056768K
  class space    used 461K, capacity 752K, committed 768K, reserved 1048576K
}
Event: 0,993 GC heap after
{Heap after GC invocations=2 (full 0):
 garbage-first heap   total 126976K, used 7231K [0x0000000087800000, 0x0000000100000000)
  region size 1024K, 1 young (1024K), 1 survivors (1024K)
 Metaspace       used 3794K, capacity 6391K, committed 6656K, reserved 1056768K
  class space    used 461K, capacity 752K, committed 768K, reserved 1048576K
}
Event: 1,710 GC heap before
{Heap before GC invocations=2 (full 0):
 garbage-first heap   total 126976K, used 32831K [0x0000000087800000, 0x0000000100000000)
  region size 1024K, 26 young (26624K), 1 survivors (1024K)
 Metaspace       used 8401K, capacity 9902K, committed 10112K, reserved 1058816K
  class space    used 1034K, capacity 1313K, committed 1408K, reserved 1048576K
}
Event: 1,717 GC heap after
{Heap after GC invocations=3 (full 0):
 garbage-first heap   total 126976K, used 8966K [0x0000000087800000, 0x0000000100000000)
  region size 1024K, 2 young (2048K), 2 survivors (2048K)
 Metaspace       used 8401K, capacity 9902K, committed 10112K, reserved 1058816K
  class space    used 1034K, capacity 1313K, committed 1408K, reserved 1048576K
}
Event: 2,719 GC heap before
{Heap before GC invocations=3 (full 0):
 garbage-first heap   total 126976K, used 57094K [0x0000000087800000, 0x0000000100000000)
  region size 1024K, 50 young (51200K), 2 survivors (2048K)
 Metaspace       used 16455K, capacity 17275K, committed 17664K, reserved 1064960K
  class space    used 2121K, capacity 2457K, committed 2560K, reserved 1048576K
}
Event: 2,734 GC heap after
{Heap after GC invocations=4 (full 0):
 garbage-first heap   total 126976K, used 11423K [0x0000000087800000, 0x0000000100000000)
  region size 1024K, 5 young (5120K), 5 survivors (5120K)
 Metaspace       used 16455K, capacity 17275K, committed 17664K, reserved 1064960K
  class space    used 2121K, capacity 2457K, committed 2560K, reserved 1048576K
}
Event: 3,046 GC heap before
{Heap before GC invocations=4 (full 0):
 garbage-first heap   total 126976K, used 67743K [0x0000000087800000, 0x0000000100000000)
  region size 1024K, 61 young (62464K), 5 survivors (5120K)
 Metaspace       used 19932K, capacity 20781K, committed 20864K, reserved 1067008K
  class space    used 2567K, capacity 2925K, committed 2944K, reserved 1048576K
}
Event: 3,059 GC heap after
{Heap after GC invocations=5 (full 0):
 garbage-first heap   total 159744K, used 13020K [0x0000000087800000, 0x0000000100000000)
  region size 1024K, 6 young (6144K), 6 survivors (6144K)
 Metaspace       used 19932K, capacity 20781K, committed 20864K, reserved 1067008K
  class space    used 2567K, capacity 2925K, committed 2944K, reserved 1048576K
}
Event: 3,077 GC heap before
{Heap before GC invocations=5 (full 0):
 garbage-first heap   total 159744K, used 23260K [0x0000000087800000, 0x0000000100000000)
  region size 1024K, 18 young (18432K), 6 survivors (6144K)
 Metaspace       used 20233K, capacity 21069K, committed 21248K, reserved 1067008K
  class space    used 2585K, capacity 2957K, committed 3072K, reserved 1048576K
}
Event: 3,087 GC heap after
{Heap after GC invocations=6 (full 0):
 garbage-first heap   total 159744K, used 12952K [0x0000000087800000, 0x0000000100000000)
  region size 1024K, 6 young (6144K), 6 survivors (6144K)
 Metaspace       used 20233K, capacity 21069K, committed 21248K, reserved 1067008K
  class space    used 2585K, capacity 2957K, committed 3072K, reserved 1048576K
}

